2018-10-18 18:10:10,731 DEBUG [1] [DS.AFP.Common.Core.LoggerFacade] [Debug] [WPF宿主容器开始启动]
2018-10-18 18:10:10,778 INFO  [1] [DS.AFP.Common.Core.LoggerFacade] [Info] [Platform began to load and initialize each plug-in ]
2018-10-18 18:10:10,782 DEBUG [1] [DS.AFP.Common.Core.LoggerFacade] [Debug] [Log creation success.]
2018-10-18 18:10:10,782 DEBUG [1] [DS.AFP.Common.Core.LoggerFacade] [Debug] [Create the module directory to start.]
2018-10-18 18:10:10,783 DEBUG [1] [DS.AFP.Common.Core.LoggerFacade] [Debug] [Create module directory end.]
2018-10-18 18:10:10,784 DEBUG [1] [DS.AFP.Common.Core.LoggerFacade] [Debug] [Configuration module directory.]
2018-10-18 18:10:10,784 DEBUG [1] [DS.AFP.Common.Core.LoggerFacade] [Debug] [Configuration module directory end.]
2018-10-18 18:10:10,784 DEBUG [1] [DS.AFP.Common.Core.LoggerFacade] [Debug] [Pre initialization module.]
2018-10-18 18:10:10,923 ERROR [1] [DS.AFP.Common.Core.LoggerFacade] [Error] [WebBrowser插件，文件不存在。路径：file:///D:/WorkSpace/CefSharp-67/DS.AFP-N/Bin/BizApp/DS_AFP-N/Addin/DS.AFP.WebBrowser/DS.AFP.WebBrowser.dll]
System.IO.FileNotFoundException: WebBrowser插件，文件不存在。路径：file:///D:/WorkSpace/CefSharp-67/DS.AFP-N/Bin/BizApp/DS_AFP-N/Addin/DS.AFP.WebBrowser/DS.AFP.WebBrowser.dll
2018-10-18 18:15:55,434 DEBUG [1] [DS.AFP.Common.Core.LoggerFacade] [Debug] [WPF宿主容器开始启动]
2018-10-18 18:15:55,809 INFO  [1] [DS.AFP.Common.Core.LoggerFacade] [Info] [Platform began to load and initialize each plug-in ]
2018-10-18 18:15:55,815 DEBUG [1] [DS.AFP.Common.Core.LoggerFacade] [Debug] [Log creation success.]
2018-10-18 18:15:55,815 DEBUG [1] [DS.AFP.Common.Core.LoggerFacade] [Debug] [Create the module directory to start.]
2018-10-18 18:15:55,816 DEBUG [1] [DS.AFP.Common.Core.LoggerFacade] [Debug] [Create module directory end.]
2018-10-18 18:15:55,816 DEBUG [1] [DS.AFP.Common.Core.LoggerFacade] [Debug] [Configuration module directory.]
2018-10-18 18:15:55,816 DEBUG [1] [DS.AFP.Common.Core.LoggerFacade] [Debug] [Configuration module directory end.]
2018-10-18 18:15:55,817 DEBUG [1] [DS.AFP.Common.Core.LoggerFacade] [Debug] [Pre initialization module.]
2018-10-18 18:15:56,993 ERROR [1] [DS.AFP.Common.Core.LoggerFacade] [Error] [WebBrowser插件，文件不存在。路径：file:///D:/WorkSpace/CefSharp-67/DS.AFP-N/Bin/BizApp/DS_AFP-N/Addin/DS.AFP.WebBrowser/DS.AFP.WebBrowser.dll]
System.IO.FileNotFoundException: WebBrowser插件，文件不存在。路径：file:///D:/WorkSpace/CefSharp-67/DS.AFP-N/Bin/BizApp/DS_AFP-N/Addin/DS.AFP.WebBrowser/DS.AFP.WebBrowser.dll
