2018-11-18 23:07:20,041 DEBUG [10] [DS.AFP.Common.Core.LoggerFacade] [Debug] [WPF宿主容器开始启动]
2018-11-18 23:07:20,085 INFO  [10] [DS.AFP.Common.Core.LoggerFacade] [Info] [Platform began to load and initialize each plug-in ]
2018-11-18 23:07:20,188 DEBUG [10] [DS.AFP.Common.Core.LoggerFacade] [Debug] [Log creation success.]
2018-11-18 23:07:20,188 DEBUG [10] [DS.AFP.Common.Core.LoggerFacade] [Debug] [Create the module directory to start.]
2018-11-18 23:07:20,191 DEBUG [10] [DS.AFP.Common.Core.LoggerFacade] [Debug] [Create module directory end.]
2018-11-18 23:07:20,191 DEBUG [10] [DS.AFP.Common.Core.LoggerFacade] [Debug] [Configuration module directory.]
2018-11-18 23:07:20,192 DEBUG [10] [DS.AFP.Common.Core.LoggerFacade] [Debug] [Configuration module directory end.]
2018-11-18 23:07:20,192 DEBUG [10] [DS.AFP.Common.Core.LoggerFacade] [Debug] [Pre initialization module.]
2018-11-18 23:07:21,961 DEBUG [10] [DS.AFP.Common.Core.LoggerFacade] [Debug] [End of pre initialization module.]
2018-11-18 23:07:21,961 DEBUG [10] [DS.AFP.Common.Core.LoggerFacade] [Debug] [Create the Spring container to start.]
2018-11-18 23:07:22,047 DEBUG [10] [Spring.Context.Support.ContextHandler] [Create] [creating context 'spring.root']
2018-11-18 23:07:22,067 DEBUG [10] [Spring.Context.Support.AbstractApplicationContext] [Refresh] [ApplicationContext Refresh: Refreshing object factory ]
2018-11-18 23:07:22,230 DEBUG [10] [Spring.Objects.Factory.Xml.XmlObjectDefinitionReader] [LoadObjectDefinitions] [Loading XML object definitions from config [D:\WorkSpace\DotNet\DS.AFP-N-49.0.1\Bin\BizApp\DS_AFP-N\DS.AFP.WPF.App.vshost.exe.Config#spring/objects]]
2018-11-18 23:07:22,922 TRACE [10] [Spring.Util.ObjectUtils] [InstantiateType] [instantiating type [Spring.Data.Config.DatabaseNamespaceParser] using constructor [Void .ctor()]]
2018-11-18 23:07:22,924 TRACE [10] [Spring.Util.ObjectUtils] [InstantiateType] [instantiating type [Spring.Transaction.Config.TxNamespaceParser] using constructor [Void .ctor()]]
2018-11-18 23:07:22,934 TRACE [10] [Spring.Util.ObjectUtils] [InstantiateType] [instantiating type [Spring.Aop.Config.AopNamespaceParser] using constructor [Void .ctor()]]
2018-11-18 23:07:23,041 TRACE [10] [Spring.Util.ObjectUtils] [InstantiateType] [instantiating type [DS.AFP.Communication.WCF.Config.WcfNamespaceParser] using constructor [Void .ctor()]]
2018-11-18 23:07:23,084 DEBUG [10] [Spring.Objects.Factory.Xml.XmlObjectDefinitionReader] [CreateValidatingReader] [Using the following XmlReader implementation : System.Xml.XsdValidatingReader]
2018-11-18 23:07:23,091 DEBUG [10] [Spring.Objects.Factory.Xml.DefaultObjectDefinitionDocumentReader] [RegisterObjectDefinitions] [Loading object definitions.]
2018-11-18 23:07:23,095 DEBUG [10] [Spring.Objects.Factory.Xml.ObjectDefinitionParserHelper] [InitDefaults] [Loading object definitions...]
2018-11-18 23:07:23,095 DEBUG [10] [Spring.Objects.Factory.Xml.ObjectDefinitionParserHelper] [InitDefaults] [Default lazy init ''.]
2018-11-18 23:07:23,096 DEBUG [10] [Spring.Objects.Factory.Xml.ObjectDefinitionParserHelper] [InitDefaults] [Default dependency check ''.]
2018-11-18 23:07:23,096 DEBUG [10] [Spring.Objects.Factory.Xml.ObjectDefinitionParserHelper] [InitDefaults] [Default autowire ''.]
2018-11-18 23:07:23,097 DEBUG [10] [Spring.Objects.Factory.Xml.ObjectDefinitionParserHelper] [InitDefaults] [Default merge ''.]
2018-11-18 23:07:23,097 DEBUG [10] [Spring.Objects.Factory.Xml.ObjectDefinitionParserHelper] [InitDefaults] [Default init method ''.]
2018-11-18 23:07:23,097 DEBUG [10] [Spring.Objects.Factory.Xml.ObjectDefinitionParserHelper] [InitDefaults] [Default destroy method ''.]
2018-11-18 23:07:23,097 DEBUG [10] [Spring.Objects.Factory.Xml.ObjectDefinitionParserHelper] [InitDefaults] [Default autowire candidates ''.]
2018-11-18 23:07:23,098 DEBUG [10] [Spring.Objects.Factory.Xml.ObjectDefinitionParserHelper] [InitDefaults] [Default init method ''.]
2018-11-18 23:07:23,098 DEBUG [10] [Spring.Objects.Factory.Xml.ObjectDefinitionParserHelper] [InitDefaults] [Default destroy method ''.]
2018-11-18 23:07:23,099 DEBUG [10] [Spring.Objects.Factory.Xml.DefaultObjectDefinitionDocumentReader] [RegisterObjectDefinitions] [Found 0 <object> elements defining objects.]
2018-11-18 23:07:23,099 DEBUG [10] [Spring.Objects.Factory.Support.AbstractObjectDefinitionReader] [LoadObjectDefinitions] [Loaded 0 object definitions from location [config://spring/objects]]
2018-11-18 23:07:23,100 DEBUG [10] [Spring.Context.Support.AbstractXmlApplicationContext] [RefreshObjectFactory] [Refreshed ObjectFactory for application context 'spring.root'.]
2018-11-18 23:07:23,100 DEBUG [10] [Spring.Context.Support.AbstractApplicationContext] [Refresh] [ApplicationContext Refresh: Registering well-known processors and objects]
2018-11-18 23:07:23,102 DEBUG [10] [Spring.Context.Support.AbstractApplicationContext] [Refresh] [ApplicationContext Refresh: Custom post processing object factory]
2018-11-18 23:07:23,102 DEBUG [10] [Spring.Context.Support.AbstractApplicationContext] [Refresh] [ApplicationContext Refresh: Post processing object factory using pre-registered processors]
2018-11-18 23:07:23,103 DEBUG [10] [Spring.Context.Support.AbstractApplicationContext] [Refresh] [No objects defined in application context [spring.root].]
2018-11-18 23:07:23,103 DEBUG [10] [Spring.Context.Support.AbstractApplicationContext] [Refresh] [ApplicationContext Refresh: Post processing object factory using defined processors]
2018-11-18 23:07:23,110 DEBUG [10] [Spring.Context.Support.AbstractApplicationContext] [InvokeObjectFactoryPostProcessors] [processed 0 IFactoryObjectPostProcessors defined in application context [spring.root].]
2018-11-18 23:07:23,112 DEBUG [10] [Spring.Context.Support.AbstractApplicationContext] [RegisterObjectPostProcessors] [processed 0 IObjectPostProcessors defined in application context [spring.root].]
2018-11-18 23:07:23,114 DEBUG [10] [Spring.Context.Support.AbstractApplicationContext] [InitEventRegistry] [No IEventRegistry found with name 'eventRegistry' : using default 'Spring.Objects.Events.Support.EventRegistry'.]
2018-11-18 23:07:23,116 DEBUG [10] [Spring.Context.Support.AbstractApplicationContext] [InitMessageSource] [No IMessageSource found with name 'messageSource' : using default 'StaticMessageSource : '.]
2018-11-18 23:07:23,119 DEBUG [10] [Spring.Context.Support.AbstractApplicationContext] [Refresh] [ApplicationContext Refresh: Preinstantiating singletons]
2018-11-18 23:07:23,120 DEBUG [10] [Spring.Objects.Factory.Support.DefaultListableObjectFactory] [PreInstantiateSingletons] [Pre-instantiating singletons in factory [Spring.Objects.Factory.Support.DefaultListableObjectFactory]]
2018-11-18 23:07:23,121 DEBUG [10] [Spring.Context.Support.AbstractApplicationContext] [PublishEvent] [Publishing event in context [spring.root] : ContextRefreshedEventArgs [Refreshed]]
2018-11-18 23:07:23,123 INFO  [10] [Spring.Context.Support.AbstractApplicationContext] [Refresh] [ApplicationContext Refresh: Completed]
2018-11-18 23:07:23,124 DEBUG [10] [Spring.Context.Support.ContextRegistry] [RegisterContext] [Registering context 'Spring.Context.Support.XmlApplicationContext' under name 'spring.root'.]
2018-11-18 23:07:23,124 DEBUG [10] [Spring.Context.Support.ContextHandler] [Create] [context 'Spring.Context.Support.XmlApplicationContext' created for name 'spring.root']
2018-11-18 23:07:23,125 DEBUG [10] [Spring.Context.Support.ContextRegistry] [GetContext] [Returning context 'Spring.Context.Support.XmlApplicationContext' registered under name 'spring.root'.]
2018-11-18 23:07:23,125 DEBUG [10] [DS.AFP.Common.Core.LoggerFacade] [Debug] [Create Spring container end.]
2018-11-18 23:07:23,126 DEBUG [10] [DS.AFP.Common.Core.LoggerFacade] [Debug] [Configure Spring container to start.]
2018-11-18 23:10:10,351 DEBUG [10] [DS.AFP.Common.Core.LoggerFacade] [Debug] [WPF宿主容器开始启动]
2018-11-18 23:10:10,384 INFO  [10] [DS.AFP.Common.Core.LoggerFacade] [Info] [Platform began to load and initialize each plug-in ]
2018-11-18 23:10:10,394 DEBUG [10] [DS.AFP.Common.Core.LoggerFacade] [Debug] [Log creation success.]
2018-11-18 23:10:10,394 DEBUG [10] [DS.AFP.Common.Core.LoggerFacade] [Debug] [Create the module directory to start.]
2018-11-18 23:10:10,396 DEBUG [10] [DS.AFP.Common.Core.LoggerFacade] [Debug] [Create module directory end.]
2018-11-18 23:10:10,396 DEBUG [10] [DS.AFP.Common.Core.LoggerFacade] [Debug] [Configuration module directory.]
2018-11-18 23:10:10,396 DEBUG [10] [DS.AFP.Common.Core.LoggerFacade] [Debug] [Configuration module directory end.]
2018-11-18 23:10:10,397 DEBUG [10] [DS.AFP.Common.Core.LoggerFacade] [Debug] [Pre initialization module.]
2018-11-18 23:10:10,770 DEBUG [10] [DS.AFP.Common.Core.LoggerFacade] [Debug] [End of pre initialization module.]
2018-11-18 23:10:10,771 DEBUG [10] [DS.AFP.Common.Core.LoggerFacade] [Debug] [Create the Spring container to start.]
2018-11-18 23:10:10,857 DEBUG [10] [Spring.Context.Support.ContextHandler] [Create] [creating context 'spring.root']
2018-11-18 23:10:10,874 DEBUG [10] [Spring.Context.Support.AbstractApplicationContext] [Refresh] [ApplicationContext Refresh: Refreshing object factory ]
2018-11-18 23:10:11,060 DEBUG [10] [Spring.Objects.Factory.Xml.XmlObjectDefinitionReader] [LoadObjectDefinitions] [Loading XML object definitions from config [D:\WorkSpace\DotNet\DS.AFP-N-49.0.1\Bin\BizApp\DS_AFP-N\DS.AFP.WPF.App.vshost.exe.Config#spring/objects]]
2018-11-18 23:10:11,362 TRACE [10] [Spring.Util.ObjectUtils] [InstantiateType] [instantiating type [Spring.Data.Config.DatabaseNamespaceParser] using constructor [Void .ctor()]]
2018-11-18 23:10:11,364 TRACE [10] [Spring.Util.ObjectUtils] [InstantiateType] [instantiating type [Spring.Transaction.Config.TxNamespaceParser] using constructor [Void .ctor()]]
2018-11-18 23:10:11,381 TRACE [10] [Spring.Util.ObjectUtils] [InstantiateType] [instantiating type [Spring.Aop.Config.AopNamespaceParser] using constructor [Void .ctor()]]
2018-11-18 23:10:11,393 TRACE [10] [Spring.Util.ObjectUtils] [InstantiateType] [instantiating type [DS.AFP.Communication.WCF.Config.WcfNamespaceParser] using constructor [Void .ctor()]]
2018-11-18 23:10:11,397 DEBUG [10] [Spring.Objects.Factory.Xml.XmlObjectDefinitionReader] [CreateValidatingReader] [Using the following XmlReader implementation : System.Xml.XsdValidatingReader]
2018-11-18 23:10:11,403 DEBUG [10] [Spring.Objects.Factory.Xml.DefaultObjectDefinitionDocumentReader] [RegisterObjectDefinitions] [Loading object definitions.]
2018-11-18 23:10:11,409 DEBUG [10] [Spring.Objects.Factory.Xml.ObjectDefinitionParserHelper] [InitDefaults] [Loading object definitions...]
2018-11-18 23:10:11,412 DEBUG [10] [Spring.Objects.Factory.Xml.ObjectDefinitionParserHelper] [InitDefaults] [Default lazy init ''.]
2018-11-18 23:10:11,415 DEBUG [10] [Spring.Objects.Factory.Xml.ObjectDefinitionParserHelper] [InitDefaults] [Default dependency check ''.]
2018-11-18 23:10:11,416 DEBUG [10] [Spring.Objects.Factory.Xml.ObjectDefinitionParserHelper] [InitDefaults] [Default autowire ''.]
2018-11-18 23:10:11,417 DEBUG [10] [Spring.Objects.Factory.Xml.ObjectDefinitionParserHelper] [InitDefaults] [Default merge ''.]
2018-11-18 23:10:11,418 DEBUG [10] [Spring.Objects.Factory.Xml.ObjectDefinitionParserHelper] [InitDefaults] [Default init method ''.]
2018-11-18 23:10:11,419 DEBUG [10] [Spring.Objects.Factory.Xml.ObjectDefinitionParserHelper] [InitDefaults] [Default destroy method ''.]
2018-11-18 23:10:11,420 DEBUG [10] [Spring.Objects.Factory.Xml.ObjectDefinitionParserHelper] [InitDefaults] [Default autowire candidates ''.]
2018-11-18 23:10:11,421 DEBUG [10] [Spring.Objects.Factory.Xml.ObjectDefinitionParserHelper] [InitDefaults] [Default init method ''.]
2018-11-18 23:10:11,422 DEBUG [10] [Spring.Objects.Factory.Xml.ObjectDefinitionParserHelper] [InitDefaults] [Default destroy method ''.]
2018-11-18 23:10:11,427 DEBUG [10] [Spring.Objects.Factory.Xml.DefaultObjectDefinitionDocumentReader] [RegisterObjectDefinitions] [Found 0 <object> elements defining objects.]
2018-11-18 23:10:11,428 DEBUG [10] [Spring.Objects.Factory.Support.AbstractObjectDefinitionReader] [LoadObjectDefinitions] [Loaded 0 object definitions from location [config://spring/objects]]
2018-11-18 23:10:11,429 DEBUG [10] [Spring.Context.Support.AbstractXmlApplicationContext] [RefreshObjectFactory] [Refreshed ObjectFactory for application context 'spring.root'.]
2018-11-18 23:10:11,430 DEBUG [10] [Spring.Context.Support.AbstractApplicationContext] [Refresh] [ApplicationContext Refresh: Registering well-known processors and objects]
2018-11-18 23:10:11,433 DEBUG [10] [Spring.Context.Support.AbstractApplicationContext] [Refresh] [ApplicationContext Refresh: Custom post processing object factory]
2018-11-18 23:10:11,433 DEBUG [10] [Spring.Context.Support.AbstractApplicationContext] [Refresh] [ApplicationContext Refresh: Post processing object factory using pre-registered processors]
2018-11-18 23:10:11,434 DEBUG [10] [Spring.Context.Support.AbstractApplicationContext] [Refresh] [No objects defined in application context [spring.root].]
2018-11-18 23:10:11,435 DEBUG [10] [Spring.Context.Support.AbstractApplicationContext] [Refresh] [ApplicationContext Refresh: Post processing object factory using defined processors]
2018-11-18 23:10:11,450 DEBUG [10] [Spring.Context.Support.AbstractApplicationContext] [InvokeObjectFactoryPostProcessors] [processed 0 IFactoryObjectPostProcessors defined in application context [spring.root].]
2018-11-18 23:10:11,453 DEBUG [10] [Spring.Context.Support.AbstractApplicationContext] [RegisterObjectPostProcessors] [processed 0 IObjectPostProcessors defined in application context [spring.root].]
2018-11-18 23:10:11,457 DEBUG [10] [Spring.Context.Support.AbstractApplicationContext] [InitEventRegistry] [No IEventRegistry found with name 'eventRegistry' : using default 'Spring.Objects.Events.Support.EventRegistry'.]
2018-11-18 23:10:11,461 DEBUG [10] [Spring.Context.Support.AbstractApplicationContext] [InitMessageSource] [No IMessageSource found with name 'messageSource' : using default 'StaticMessageSource : '.]
2018-11-18 23:10:11,465 DEBUG [10] [Spring.Context.Support.AbstractApplicationContext] [Refresh] [ApplicationContext Refresh: Preinstantiating singletons]
2018-11-18 23:10:11,467 DEBUG [10] [Spring.Objects.Factory.Support.DefaultListableObjectFactory] [PreInstantiateSingletons] [Pre-instantiating singletons in factory [Spring.Objects.Factory.Support.DefaultListableObjectFactory]]
2018-11-18 23:10:11,468 DEBUG [10] [Spring.Context.Support.AbstractApplicationContext] [PublishEvent] [Publishing event in context [spring.root] : ContextRefreshedEventArgs [Refreshed]]
2018-11-18 23:10:11,471 INFO  [10] [Spring.Context.Support.AbstractApplicationContext] [Refresh] [ApplicationContext Refresh: Completed]
2018-11-18 23:10:11,473 DEBUG [10] [Spring.Context.Support.ContextRegistry] [RegisterContext] [Registering context 'Spring.Context.Support.XmlApplicationContext' under name 'spring.root'.]
2018-11-18 23:10:11,474 DEBUG [10] [Spring.Context.Support.ContextHandler] [Create] [context 'Spring.Context.Support.XmlApplicationContext' created for name 'spring.root']
2018-11-18 23:10:11,475 DEBUG [10] [Spring.Context.Support.ContextRegistry] [GetContext] [Returning context 'Spring.Context.Support.XmlApplicationContext' registered under name 'spring.root'.]
2018-11-18 23:10:11,476 DEBUG [10] [DS.AFP.Common.Core.LoggerFacade] [Debug] [Create Spring container end.]
2018-11-18 23:10:11,476 DEBUG [10] [DS.AFP.Common.Core.LoggerFacade] [Debug] [Configure Spring container to start.]
2018-11-18 23:10:59,400 DEBUG [10] [DS.AFP.Common.Core.LoggerFacade] [Debug] [WPF宿主容器开始启动]
2018-11-18 23:10:59,427 INFO  [10] [DS.AFP.Common.Core.LoggerFacade] [Info] [Platform began to load and initialize each plug-in ]
2018-11-18 23:10:59,435 DEBUG [10] [DS.AFP.Common.Core.LoggerFacade] [Debug] [Log creation success.]
2018-11-18 23:10:59,435 DEBUG [10] [DS.AFP.Common.Core.LoggerFacade] [Debug] [Create the module directory to start.]
2018-11-18 23:10:59,438 DEBUG [10] [DS.AFP.Common.Core.LoggerFacade] [Debug] [Create module directory end.]
2018-11-18 23:10:59,438 DEBUG [10] [DS.AFP.Common.Core.LoggerFacade] [Debug] [Configuration module directory.]
2018-11-18 23:10:59,439 DEBUG [10] [DS.AFP.Common.Core.LoggerFacade] [Debug] [Configuration module directory end.]
2018-11-18 23:10:59,439 DEBUG [10] [DS.AFP.Common.Core.LoggerFacade] [Debug] [Pre initialization module.]
2018-11-18 23:10:59,837 DEBUG [10] [DS.AFP.Common.Core.LoggerFacade] [Debug] [End of pre initialization module.]
2018-11-18 23:10:59,838 DEBUG [10] [DS.AFP.Common.Core.LoggerFacade] [Debug] [Create the Spring container to start.]
2018-11-18 23:10:59,918 DEBUG [10] [Spring.Context.Support.ContextHandler] [Create] [creating context 'spring.root']
2018-11-18 23:10:59,939 DEBUG [10] [Spring.Context.Support.AbstractApplicationContext] [Refresh] [ApplicationContext Refresh: Refreshing object factory ]
2018-11-18 23:11:00,211 DEBUG [10] [Spring.Objects.Factory.Xml.XmlObjectDefinitionReader] [LoadObjectDefinitions] [Loading XML object definitions from config [D:\WorkSpace\DotNet\DS.AFP-N-49.0.1\Bin\BizApp\DS_AFP-N\DS.AFP.WPF.App.vshost.exe.Config#spring/objects]]
2018-11-18 23:11:00,535 TRACE [10] [Spring.Util.ObjectUtils] [InstantiateType] [instantiating type [Spring.Data.Config.DatabaseNamespaceParser] using constructor [Void .ctor()]]
2018-11-18 23:11:00,540 TRACE [10] [Spring.Util.ObjectUtils] [InstantiateType] [instantiating type [Spring.Transaction.Config.TxNamespaceParser] using constructor [Void .ctor()]]
2018-11-18 23:11:00,554 TRACE [10] [Spring.Util.ObjectUtils] [InstantiateType] [instantiating type [Spring.Aop.Config.AopNamespaceParser] using constructor [Void .ctor()]]
2018-11-18 23:11:00,568 TRACE [10] [Spring.Util.ObjectUtils] [InstantiateType] [instantiating type [DS.AFP.Communication.WCF.Config.WcfNamespaceParser] using constructor [Void .ctor()]]
2018-11-18 23:11:00,573 DEBUG [10] [Spring.Objects.Factory.Xml.XmlObjectDefinitionReader] [CreateValidatingReader] [Using the following XmlReader implementation : System.Xml.XsdValidatingReader]
2018-11-18 23:11:00,577 DEBUG [10] [Spring.Objects.Factory.Xml.DefaultObjectDefinitionDocumentReader] [RegisterObjectDefinitions] [Loading object definitions.]
2018-11-18 23:11:00,579 DEBUG [10] [Spring.Objects.Factory.Xml.ObjectDefinitionParserHelper] [InitDefaults] [Loading object definitions...]
2018-11-18 23:11:00,580 DEBUG [10] [Spring.Objects.Factory.Xml.ObjectDefinitionParserHelper] [InitDefaults] [Default lazy init ''.]
2018-11-18 23:11:00,580 DEBUG [10] [Spring.Objects.Factory.Xml.ObjectDefinitionParserHelper] [InitDefaults] [Default dependency check ''.]
2018-11-18 23:11:00,580 DEBUG [10] [Spring.Objects.Factory.Xml.ObjectDefinitionParserHelper] [InitDefaults] [Default autowire ''.]
2018-11-18 23:11:00,581 DEBUG [10] [Spring.Objects.Factory.Xml.ObjectDefinitionParserHelper] [InitDefaults] [Default merge ''.]
2018-11-18 23:11:00,581 DEBUG [10] [Spring.Objects.Factory.Xml.ObjectDefinitionParserHelper] [InitDefaults] [Default init method ''.]
2018-11-18 23:11:00,582 DEBUG [10] [Spring.Objects.Factory.Xml.ObjectDefinitionParserHelper] [InitDefaults] [Default destroy method ''.]
2018-11-18 23:11:00,582 DEBUG [10] [Spring.Objects.Factory.Xml.ObjectDefinitionParserHelper] [InitDefaults] [Default autowire candidates ''.]
2018-11-18 23:11:00,582 DEBUG [10] [Spring.Objects.Factory.Xml.ObjectDefinitionParserHelper] [InitDefaults] [Default init method ''.]
2018-11-18 23:11:00,582 DEBUG [10] [Spring.Objects.Factory.Xml.ObjectDefinitionParserHelper] [InitDefaults] [Default destroy method ''.]
2018-11-18 23:11:00,583 DEBUG [10] [Spring.Objects.Factory.Xml.DefaultObjectDefinitionDocumentReader] [RegisterObjectDefinitions] [Found 0 <object> elements defining objects.]
2018-11-18 23:11:00,583 DEBUG [10] [Spring.Objects.Factory.Support.AbstractObjectDefinitionReader] [LoadObjectDefinitions] [Loaded 0 object definitions from location [config://spring/objects]]
2018-11-18 23:11:00,584 DEBUG [10] [Spring.Context.Support.AbstractXmlApplicationContext] [RefreshObjectFactory] [Refreshed ObjectFactory for application context 'spring.root'.]
2018-11-18 23:11:00,584 DEBUG [10] [Spring.Context.Support.AbstractApplicationContext] [Refresh] [ApplicationContext Refresh: Registering well-known processors and objects]
2018-11-18 23:11:00,586 DEBUG [10] [Spring.Context.Support.AbstractApplicationContext] [Refresh] [ApplicationContext Refresh: Custom post processing object factory]
2018-11-18 23:11:00,587 DEBUG [10] [Spring.Context.Support.AbstractApplicationContext] [Refresh] [ApplicationContext Refresh: Post processing object factory using pre-registered processors]
2018-11-18 23:11:00,588 DEBUG [10] [Spring.Context.Support.AbstractApplicationContext] [Refresh] [No objects defined in application context [spring.root].]
2018-11-18 23:11:00,588 DEBUG [10] [Spring.Context.Support.AbstractApplicationContext] [Refresh] [ApplicationContext Refresh: Post processing object factory using defined processors]
2018-11-18 23:11:00,598 DEBUG [10] [Spring.Context.Support.AbstractApplicationContext] [InvokeObjectFactoryPostProcessors] [processed 0 IFactoryObjectPostProcessors defined in application context [spring.root].]
2018-11-18 23:11:00,601 DEBUG [10] [Spring.Context.Support.AbstractApplicationContext] [RegisterObjectPostProcessors] [processed 0 IObjectPostProcessors defined in application context [spring.root].]
2018-11-18 23:11:00,606 DEBUG [10] [Spring.Context.Support.AbstractApplicationContext] [InitEventRegistry] [No IEventRegistry found with name 'eventRegistry' : using default 'Spring.Objects.Events.Support.EventRegistry'.]
2018-11-18 23:11:00,611 DEBUG [10] [Spring.Context.Support.AbstractApplicationContext] [InitMessageSource] [No IMessageSource found with name 'messageSource' : using default 'StaticMessageSource : '.]
2018-11-18 23:11:00,613 DEBUG [10] [Spring.Context.Support.AbstractApplicationContext] [Refresh] [ApplicationContext Refresh: Preinstantiating singletons]
2018-11-18 23:11:00,613 DEBUG [10] [Spring.Objects.Factory.Support.DefaultListableObjectFactory] [PreInstantiateSingletons] [Pre-instantiating singletons in factory [Spring.Objects.Factory.Support.DefaultListableObjectFactory]]
2018-11-18 23:11:00,614 DEBUG [10] [Spring.Context.Support.AbstractApplicationContext] [PublishEvent] [Publishing event in context [spring.root] : ContextRefreshedEventArgs [Refreshed]]
2018-11-18 23:11:00,616 INFO  [10] [Spring.Context.Support.AbstractApplicationContext] [Refresh] [ApplicationContext Refresh: Completed]
2018-11-18 23:11:00,617 DEBUG [10] [Spring.Context.Support.ContextRegistry] [RegisterContext] [Registering context 'Spring.Context.Support.XmlApplicationContext' under name 'spring.root'.]
2018-11-18 23:11:00,617 DEBUG [10] [Spring.Context.Support.ContextHandler] [Create] [context 'Spring.Context.Support.XmlApplicationContext' created for name 'spring.root']
2018-11-18 23:11:00,618 DEBUG [10] [Spring.Context.Support.ContextRegistry] [GetContext] [Returning context 'Spring.Context.Support.XmlApplicationContext' registered under name 'spring.root'.]
2018-11-18 23:11:00,618 DEBUG [10] [DS.AFP.Common.Core.LoggerFacade] [Debug] [Create Spring container end.]
2018-11-18 23:11:00,619 DEBUG [10] [DS.AFP.Common.Core.LoggerFacade] [Debug] [Configure Spring container to start.]
2018-11-18 23:17:58,464 DEBUG [9] [DS.AFP.Common.Core.LoggerFacade] [Debug] [WPF宿主容器开始启动]
2018-11-18 23:17:58,486 INFO  [9] [DS.AFP.Common.Core.LoggerFacade] [Info] [Platform began to load and initialize each plug-in ]
2018-11-18 23:17:58,495 DEBUG [9] [DS.AFP.Common.Core.LoggerFacade] [Debug] [Log creation success.]
2018-11-18 23:17:58,496 DEBUG [9] [DS.AFP.Common.Core.LoggerFacade] [Debug] [Create the module directory to start.]
2018-11-18 23:17:58,497 DEBUG [9] [DS.AFP.Common.Core.LoggerFacade] [Debug] [Create module directory end.]
2018-11-18 23:17:58,498 DEBUG [9] [DS.AFP.Common.Core.LoggerFacade] [Debug] [Configuration module directory.]
2018-11-18 23:17:58,498 DEBUG [9] [DS.AFP.Common.Core.LoggerFacade] [Debug] [Configuration module directory end.]
2018-11-18 23:17:58,498 DEBUG [9] [DS.AFP.Common.Core.LoggerFacade] [Debug] [Pre initialization module.]
2018-11-18 23:17:58,863 DEBUG [9] [DS.AFP.Common.Core.LoggerFacade] [Debug] [End of pre initialization module.]
2018-11-18 23:17:58,864 DEBUG [9] [DS.AFP.Common.Core.LoggerFacade] [Debug] [Create the Spring container to start.]
2018-11-18 23:17:59,206 DEBUG [9] [Spring.Context.Support.ContextHandler] [Create] [creating context 'spring.root']
2018-11-18 23:17:59,228 DEBUG [9] [Spring.Context.Support.AbstractApplicationContext] [Refresh] [ApplicationContext Refresh: Refreshing object factory ]
2018-11-18 23:17:59,364 DEBUG [9] [Spring.Objects.Factory.Xml.XmlObjectDefinitionReader] [LoadObjectDefinitions] [Loading XML object definitions from config [D:\WorkSpace\DotNet\DS.AFP-N-49.0.1\Bin\BizApp\DS_AFP-N\DS.AFP.WPF.App.vshost.exe.Config#spring/objects]]
2018-11-18 23:17:59,666 TRACE [9] [Spring.Util.ObjectUtils] [InstantiateType] [instantiating type [Spring.Data.Config.DatabaseNamespaceParser] using constructor [Void .ctor()]]
2018-11-18 23:17:59,669 TRACE [9] [Spring.Util.ObjectUtils] [InstantiateType] [instantiating type [Spring.Transaction.Config.TxNamespaceParser] using constructor [Void .ctor()]]
2018-11-18 23:17:59,683 TRACE [9] [Spring.Util.ObjectUtils] [InstantiateType] [instantiating type [Spring.Aop.Config.AopNamespaceParser] using constructor [Void .ctor()]]
2018-11-18 23:17:59,700 TRACE [9] [Spring.Util.ObjectUtils] [InstantiateType] [instantiating type [DS.AFP.Communication.WCF.Config.WcfNamespaceParser] using constructor [Void .ctor()]]
2018-11-18 23:17:59,703 DEBUG [9] [Spring.Objects.Factory.Xml.XmlObjectDefinitionReader] [CreateValidatingReader] [Using the following XmlReader implementation : System.Xml.XsdValidatingReader]
2018-11-18 23:17:59,709 DEBUG [9] [Spring.Objects.Factory.Xml.DefaultObjectDefinitionDocumentReader] [RegisterObjectDefinitions] [Loading object definitions.]
2018-11-18 23:17:59,711 DEBUG [9] [Spring.Objects.Factory.Xml.ObjectDefinitionParserHelper] [InitDefaults] [Loading object definitions...]
2018-11-18 23:17:59,712 DEBUG [9] [Spring.Objects.Factory.Xml.ObjectDefinitionParserHelper] [InitDefaults] [Default lazy init ''.]
2018-11-18 23:17:59,712 DEBUG [9] [Spring.Objects.Factory.Xml.ObjectDefinitionParserHelper] [InitDefaults] [Default dependency check ''.]
2018-11-18 23:17:59,713 DEBUG [9] [Spring.Objects.Factory.Xml.ObjectDefinitionParserHelper] [InitDefaults] [Default autowire ''.]
2018-11-18 23:17:59,713 DEBUG [9] [Spring.Objects.Factory.Xml.ObjectDefinitionParserHelper] [InitDefaults] [Default merge ''.]
2018-11-18 23:17:59,713 DEBUG [9] [Spring.Objects.Factory.Xml.ObjectDefinitionParserHelper] [InitDefaults] [Default init method ''.]
2018-11-18 23:17:59,713 DEBUG [9] [Spring.Objects.Factory.Xml.ObjectDefinitionParserHelper] [InitDefaults] [Default destroy method ''.]
2018-11-18 23:17:59,714 DEBUG [9] [Spring.Objects.Factory.Xml.ObjectDefinitionParserHelper] [InitDefaults] [Default autowire candidates ''.]
2018-11-18 23:17:59,714 DEBUG [9] [Spring.Objects.Factory.Xml.ObjectDefinitionParserHelper] [InitDefaults] [Default init method ''.]
2018-11-18 23:17:59,714 DEBUG [9] [Spring.Objects.Factory.Xml.ObjectDefinitionParserHelper] [InitDefaults] [Default destroy method ''.]
2018-11-18 23:17:59,715 DEBUG [9] [Spring.Objects.Factory.Xml.DefaultObjectDefinitionDocumentReader] [RegisterObjectDefinitions] [Found 0 <object> elements defining objects.]
2018-11-18 23:17:59,715 DEBUG [9] [Spring.Objects.Factory.Support.AbstractObjectDefinitionReader] [LoadObjectDefinitions] [Loaded 0 object definitions from location [config://spring/objects]]
2018-11-18 23:17:59,716 DEBUG [9] [Spring.Context.Support.AbstractXmlApplicationContext] [RefreshObjectFactory] [Refreshed ObjectFactory for application context 'spring.root'.]
2018-11-18 23:17:59,716 DEBUG [9] [Spring.Context.Support.AbstractApplicationContext] [Refresh] [ApplicationContext Refresh: Registering well-known processors and objects]
2018-11-18 23:17:59,718 DEBUG [9] [Spring.Context.Support.AbstractApplicationContext] [Refresh] [ApplicationContext Refresh: Custom post processing object factory]
2018-11-18 23:17:59,718 DEBUG [9] [Spring.Context.Support.AbstractApplicationContext] [Refresh] [ApplicationContext Refresh: Post processing object factory using pre-registered processors]
2018-11-18 23:17:59,718 DEBUG [9] [Spring.Context.Support.AbstractApplicationContext] [Refresh] [No objects defined in application context [spring.root].]
2018-11-18 23:17:59,719 DEBUG [9] [Spring.Context.Support.AbstractApplicationContext] [Refresh] [ApplicationContext Refresh: Post processing object factory using defined processors]
2018-11-18 23:17:59,729 DEBUG [9] [Spring.Context.Support.AbstractApplicationContext] [InvokeObjectFactoryPostProcessors] [processed 0 IFactoryObjectPostProcessors defined in application context [spring.root].]
2018-11-18 23:17:59,732 DEBUG [9] [Spring.Context.Support.AbstractApplicationContext] [RegisterObjectPostProcessors] [processed 0 IObjectPostProcessors defined in application context [spring.root].]
2018-11-18 23:17:59,734 DEBUG [9] [Spring.Context.Support.AbstractApplicationContext] [InitEventRegistry] [No IEventRegistry found with name 'eventRegistry' : using default 'Spring.Objects.Events.Support.EventRegistry'.]
2018-11-18 23:17:59,738 DEBUG [9] [Spring.Context.Support.AbstractApplicationContext] [InitMessageSource] [No IMessageSource found with name 'messageSource' : using default 'StaticMessageSource : '.]
2018-11-18 23:17:59,742 DEBUG [9] [Spring.Context.Support.AbstractApplicationContext] [Refresh] [ApplicationContext Refresh: Preinstantiating singletons]
2018-11-18 23:17:59,743 DEBUG [9] [Spring.Objects.Factory.Support.DefaultListableObjectFactory] [PreInstantiateSingletons] [Pre-instantiating singletons in factory [Spring.Objects.Factory.Support.DefaultListableObjectFactory]]
2018-11-18 23:17:59,744 DEBUG [9] [Spring.Context.Support.AbstractApplicationContext] [PublishEvent] [Publishing event in context [spring.root] : ContextRefreshedEventArgs [Refreshed]]
2018-11-18 23:17:59,745 INFO  [9] [Spring.Context.Support.AbstractApplicationContext] [Refresh] [ApplicationContext Refresh: Completed]
2018-11-18 23:17:59,746 DEBUG [9] [Spring.Context.Support.ContextRegistry] [RegisterContext] [Registering context 'Spring.Context.Support.XmlApplicationContext' under name 'spring.root'.]
2018-11-18 23:17:59,747 DEBUG [9] [Spring.Context.Support.ContextHandler] [Create] [context 'Spring.Context.Support.XmlApplicationContext' created for name 'spring.root']
2018-11-18 23:17:59,747 DEBUG [9] [Spring.Context.Support.ContextRegistry] [GetContext] [Returning context 'Spring.Context.Support.XmlApplicationContext' registered under name 'spring.root'.]
2018-11-18 23:17:59,748 DEBUG [9] [DS.AFP.Common.Core.LoggerFacade] [Debug] [Create Spring container end.]
2018-11-18 23:17:59,748 DEBUG [9] [DS.AFP.Common.Core.LoggerFacade] [Debug] [Configure Spring container to start.]
2018-11-18 23:20:26,836 DEBUG [9] [DS.AFP.Common.Core.LoggerFacade] [Debug] [WPF宿主容器开始启动]
2018-11-18 23:20:26,861 INFO  [9] [DS.AFP.Common.Core.LoggerFacade] [Info] [Platform began to load and initialize each plug-in ]
2018-11-18 23:20:26,869 DEBUG [9] [DS.AFP.Common.Core.LoggerFacade] [Debug] [Log creation success.]
2018-11-18 23:20:26,869 DEBUG [9] [DS.AFP.Common.Core.LoggerFacade] [Debug] [Create the module directory to start.]
2018-11-18 23:20:26,871 DEBUG [9] [DS.AFP.Common.Core.LoggerFacade] [Debug] [Create module directory end.]
2018-11-18 23:20:26,871 DEBUG [9] [DS.AFP.Common.Core.LoggerFacade] [Debug] [Configuration module directory.]
2018-11-18 23:20:26,872 DEBUG [9] [DS.AFP.Common.Core.LoggerFacade] [Debug] [Configuration module directory end.]
2018-11-18 23:20:26,872 DEBUG [9] [DS.AFP.Common.Core.LoggerFacade] [Debug] [Pre initialization module.]
2018-11-18 23:20:27,251 DEBUG [9] [DS.AFP.Common.Core.LoggerFacade] [Debug] [End of pre initialization module.]
2018-11-18 23:20:27,251 DEBUG [9] [DS.AFP.Common.Core.LoggerFacade] [Debug] [Create the Spring container to start.]
2018-11-18 23:20:27,331 DEBUG [9] [Spring.Context.Support.ContextHandler] [Create] [creating context 'spring.root']
2018-11-18 23:20:27,351 DEBUG [9] [Spring.Context.Support.AbstractApplicationContext] [Refresh] [ApplicationContext Refresh: Refreshing object factory ]
2018-11-18 23:20:27,503 DEBUG [9] [Spring.Objects.Factory.Xml.XmlObjectDefinitionReader] [LoadObjectDefinitions] [Loading XML object definitions from config [D:\WorkSpace\DotNet\DS.AFP-N-49.0.1\Bin\BizApp\DS_AFP-N\DS.AFP.WPF.App.vshost.exe.Config#spring/objects]]
2018-11-18 23:20:27,808 TRACE [9] [Spring.Util.ObjectUtils] [InstantiateType] [instantiating type [Spring.Data.Config.DatabaseNamespaceParser] using constructor [Void .ctor()]]
2018-11-18 23:20:27,810 TRACE [9] [Spring.Util.ObjectUtils] [InstantiateType] [instantiating type [Spring.Transaction.Config.TxNamespaceParser] using constructor [Void .ctor()]]
2018-11-18 23:20:27,822 TRACE [9] [Spring.Util.ObjectUtils] [InstantiateType] [instantiating type [Spring.Aop.Config.AopNamespaceParser] using constructor [Void .ctor()]]
2018-11-18 23:20:27,837 TRACE [9] [Spring.Util.ObjectUtils] [InstantiateType] [instantiating type [DS.AFP.Communication.WCF.Config.WcfNamespaceParser] using constructor [Void .ctor()]]
2018-11-18 23:20:27,845 DEBUG [9] [Spring.Objects.Factory.Xml.XmlObjectDefinitionReader] [CreateValidatingReader] [Using the following XmlReader implementation : System.Xml.XsdValidatingReader]
2018-11-18 23:20:27,849 DEBUG [9] [Spring.Objects.Factory.Xml.DefaultObjectDefinitionDocumentReader] [RegisterObjectDefinitions] [Loading object definitions.]
2018-11-18 23:20:27,851 DEBUG [9] [Spring.Objects.Factory.Xml.ObjectDefinitionParserHelper] [InitDefaults] [Loading object definitions...]
2018-11-18 23:20:27,852 DEBUG [9] [Spring.Objects.Factory.Xml.ObjectDefinitionParserHelper] [InitDefaults] [Default lazy init ''.]
2018-11-18 23:20:27,853 DEBUG [9] [Spring.Objects.Factory.Xml.ObjectDefinitionParserHelper] [InitDefaults] [Default dependency check ''.]
2018-11-18 23:20:27,853 DEBUG [9] [Spring.Objects.Factory.Xml.ObjectDefinitionParserHelper] [InitDefaults] [Default autowire ''.]
2018-11-18 23:20:27,854 DEBUG [9] [Spring.Objects.Factory.Xml.ObjectDefinitionParserHelper] [InitDefaults] [Default merge ''.]
2018-11-18 23:20:27,854 DEBUG [9] [Spring.Objects.Factory.Xml.ObjectDefinitionParserHelper] [InitDefaults] [Default init method ''.]
2018-11-18 23:20:27,856 DEBUG [9] [Spring.Objects.Factory.Xml.ObjectDefinitionParserHelper] [InitDefaults] [Default destroy method ''.]
2018-11-18 23:20:27,857 DEBUG [9] [Spring.Objects.Factory.Xml.ObjectDefinitionParserHelper] [InitDefaults] [Default autowire candidates ''.]
2018-11-18 23:20:27,858 DEBUG [9] [Spring.Objects.Factory.Xml.ObjectDefinitionParserHelper] [InitDefaults] [Default init method ''.]
2018-11-18 23:20:27,858 DEBUG [9] [Spring.Objects.Factory.Xml.ObjectDefinitionParserHelper] [InitDefaults] [Default destroy method ''.]
2018-11-18 23:20:27,860 DEBUG [9] [Spring.Objects.Factory.Xml.DefaultObjectDefinitionDocumentReader] [RegisterObjectDefinitions] [Found 0 <object> elements defining objects.]
2018-11-18 23:20:27,860 DEBUG [9] [Spring.Objects.Factory.Support.AbstractObjectDefinitionReader] [LoadObjectDefinitions] [Loaded 0 object definitions from location [config://spring/objects]]
2018-11-18 23:20:27,861 DEBUG [9] [Spring.Context.Support.AbstractXmlApplicationContext] [RefreshObjectFactory] [Refreshed ObjectFactory for application context 'spring.root'.]
2018-11-18 23:20:27,862 DEBUG [9] [Spring.Context.Support.AbstractApplicationContext] [Refresh] [ApplicationContext Refresh: Registering well-known processors and objects]
2018-11-18 23:20:27,864 DEBUG [9] [Spring.Context.Support.AbstractApplicationContext] [Refresh] [ApplicationContext Refresh: Custom post processing object factory]
2018-11-18 23:20:27,865 DEBUG [9] [Spring.Context.Support.AbstractApplicationContext] [Refresh] [ApplicationContext Refresh: Post processing object factory using pre-registered processors]
2018-11-18 23:20:27,865 DEBUG [9] [Spring.Context.Support.AbstractApplicationContext] [Refresh] [No objects defined in application context [spring.root].]
2018-11-18 23:20:27,865 DEBUG [9] [Spring.Context.Support.AbstractApplicationContext] [Refresh] [ApplicationContext Refresh: Post processing object factory using defined processors]
2018-11-18 23:20:27,872 DEBUG [9] [Spring.Context.Support.AbstractApplicationContext] [InvokeObjectFactoryPostProcessors] [processed 0 IFactoryObjectPostProcessors defined in application context [spring.root].]
2018-11-18 23:20:27,875 DEBUG [9] [Spring.Context.Support.AbstractApplicationContext] [RegisterObjectPostProcessors] [processed 0 IObjectPostProcessors defined in application context [spring.root].]
2018-11-18 23:20:27,877 DEBUG [9] [Spring.Context.Support.AbstractApplicationContext] [InitEventRegistry] [No IEventRegistry found with name 'eventRegistry' : using default 'Spring.Objects.Events.Support.EventRegistry'.]
2018-11-18 23:20:27,880 DEBUG [9] [Spring.Context.Support.AbstractApplicationContext] [InitMessageSource] [No IMessageSource found with name 'messageSource' : using default 'StaticMessageSource : '.]
2018-11-18 23:20:27,882 DEBUG [9] [Spring.Context.Support.AbstractApplicationContext] [Refresh] [ApplicationContext Refresh: Preinstantiating singletons]
2018-11-18 23:20:27,883 DEBUG [9] [Spring.Objects.Factory.Support.DefaultListableObjectFactory] [PreInstantiateSingletons] [Pre-instantiating singletons in factory [Spring.Objects.Factory.Support.DefaultListableObjectFactory]]
2018-11-18 23:20:27,884 DEBUG [9] [Spring.Context.Support.AbstractApplicationContext] [PublishEvent] [Publishing event in context [spring.root] : ContextRefreshedEventArgs [Refreshed]]
2018-11-18 23:20:27,885 INFO  [9] [Spring.Context.Support.AbstractApplicationContext] [Refresh] [ApplicationContext Refresh: Completed]
2018-11-18 23:20:27,886 DEBUG [9] [Spring.Context.Support.ContextRegistry] [RegisterContext] [Registering context 'Spring.Context.Support.XmlApplicationContext' under name 'spring.root'.]
2018-11-18 23:20:27,886 DEBUG [9] [Spring.Context.Support.ContextHandler] [Create] [context 'Spring.Context.Support.XmlApplicationContext' created for name 'spring.root']
2018-11-18 23:20:27,887 DEBUG [9] [Spring.Context.Support.ContextRegistry] [GetContext] [Returning context 'Spring.Context.Support.XmlApplicationContext' registered under name 'spring.root'.]
2018-11-18 23:20:27,888 DEBUG [9] [DS.AFP.Common.Core.LoggerFacade] [Debug] [Create Spring container end.]
2018-11-18 23:20:27,888 DEBUG [9] [DS.AFP.Common.Core.LoggerFacade] [Debug] [Configure Spring container to start.]
2018-11-18 23:26:40,974 DEBUG [10] [DS.AFP.Common.Core.LoggerFacade] [Debug] [WPF宿主容器开始启动]
2018-11-18 23:26:40,997 INFO  [10] [DS.AFP.Common.Core.LoggerFacade] [Info] [Platform began to load and initialize each plug-in ]
2018-11-18 23:26:41,006 DEBUG [10] [DS.AFP.Common.Core.LoggerFacade] [Debug] [Log creation success.]
2018-11-18 23:26:41,006 DEBUG [10] [DS.AFP.Common.Core.LoggerFacade] [Debug] [Create the module directory to start.]
2018-11-18 23:26:41,008 DEBUG [10] [DS.AFP.Common.Core.LoggerFacade] [Debug] [Create module directory end.]
2018-11-18 23:26:41,009 DEBUG [10] [DS.AFP.Common.Core.LoggerFacade] [Debug] [Configuration module directory.]
2018-11-18 23:26:41,009 DEBUG [10] [DS.AFP.Common.Core.LoggerFacade] [Debug] [Configuration module directory end.]
2018-11-18 23:26:41,010 DEBUG [10] [DS.AFP.Common.Core.LoggerFacade] [Debug] [Pre initialization module.]
2018-11-18 23:26:41,472 DEBUG [10] [DS.AFP.Common.Core.LoggerFacade] [Debug] [End of pre initialization module.]
2018-11-18 23:26:41,472 DEBUG [10] [DS.AFP.Common.Core.LoggerFacade] [Debug] [Create the Spring container to start.]
2018-11-18 23:26:41,567 DEBUG [10] [Spring.Context.Support.ContextHandler] [Create] [creating context 'spring.root']
2018-11-18 23:26:41,589 DEBUG [10] [Spring.Context.Support.AbstractApplicationContext] [Refresh] [ApplicationContext Refresh: Refreshing object factory ]
2018-11-18 23:26:41,741 DEBUG [10] [Spring.Objects.Factory.Xml.XmlObjectDefinitionReader] [LoadObjectDefinitions] [Loading XML object definitions from config [D:\WorkSpace\DotNet\DS.AFP-N-49.0.1\Bin\BizApp\DS_AFP-N\DS.AFP.WPF.App.vshost.exe.Config#spring/objects]]
2018-11-18 23:26:42,048 TRACE [10] [Spring.Util.ObjectUtils] [InstantiateType] [instantiating type [Spring.Data.Config.DatabaseNamespaceParser] using constructor [Void .ctor()]]
2018-11-18 23:26:42,050 TRACE [10] [Spring.Util.ObjectUtils] [InstantiateType] [instantiating type [Spring.Transaction.Config.TxNamespaceParser] using constructor [Void .ctor()]]
2018-11-18 23:26:42,061 TRACE [10] [Spring.Util.ObjectUtils] [InstantiateType] [instantiating type [Spring.Aop.Config.AopNamespaceParser] using constructor [Void .ctor()]]
2018-11-18 23:26:42,191 TRACE [10] [Spring.Util.ObjectUtils] [InstantiateType] [instantiating type [DS.AFP.Communication.WCF.Config.WcfNamespaceParser] using constructor [Void .ctor()]]
2018-11-18 23:26:42,194 DEBUG [10] [Spring.Objects.Factory.Xml.XmlObjectDefinitionReader] [CreateValidatingReader] [Using the following XmlReader implementation : System.Xml.XsdValidatingReader]
2018-11-18 23:26:42,197 DEBUG [10] [Spring.Objects.Factory.Xml.DefaultObjectDefinitionDocumentReader] [RegisterObjectDefinitions] [Loading object definitions.]
2018-11-18 23:26:42,199 DEBUG [10] [Spring.Objects.Factory.Xml.ObjectDefinitionParserHelper] [InitDefaults] [Loading object definitions...]
2018-11-18 23:26:42,199 DEBUG [10] [Spring.Objects.Factory.Xml.ObjectDefinitionParserHelper] [InitDefaults] [Default lazy init ''.]
2018-11-18 23:26:42,199 DEBUG [10] [Spring.Objects.Factory.Xml.ObjectDefinitionParserHelper] [InitDefaults] [Default dependency check ''.]
2018-11-18 23:26:42,200 DEBUG [10] [Spring.Objects.Factory.Xml.ObjectDefinitionParserHelper] [InitDefaults] [Default autowire ''.]
2018-11-18 23:26:42,200 DEBUG [10] [Spring.Objects.Factory.Xml.ObjectDefinitionParserHelper] [InitDefaults] [Default merge ''.]
2018-11-18 23:26:42,200 DEBUG [10] [Spring.Objects.Factory.Xml.ObjectDefinitionParserHelper] [InitDefaults] [Default init method ''.]
2018-11-18 23:26:42,201 DEBUG [10] [Spring.Objects.Factory.Xml.ObjectDefinitionParserHelper] [InitDefaults] [Default destroy method ''.]
2018-11-18 23:26:42,201 DEBUG [10] [Spring.Objects.Factory.Xml.ObjectDefinitionParserHelper] [InitDefaults] [Default autowire candidates ''.]
2018-11-18 23:26:42,201 DEBUG [10] [Spring.Objects.Factory.Xml.ObjectDefinitionParserHelper] [InitDefaults] [Default init method ''.]
2018-11-18 23:26:42,201 DEBUG [10] [Spring.Objects.Factory.Xml.ObjectDefinitionParserHelper] [InitDefaults] [Default destroy method ''.]
2018-11-18 23:26:42,202 DEBUG [10] [Spring.Objects.Factory.Xml.DefaultObjectDefinitionDocumentReader] [RegisterObjectDefinitions] [Found 0 <object> elements defining objects.]
2018-11-18 23:26:42,202 DEBUG [10] [Spring.Objects.Factory.Support.AbstractObjectDefinitionReader] [LoadObjectDefinitions] [Loaded 0 object definitions from location [config://spring/objects]]
2018-11-18 23:26:42,203 DEBUG [10] [Spring.Context.Support.AbstractXmlApplicationContext] [RefreshObjectFactory] [Refreshed ObjectFactory for application context 'spring.root'.]
2018-11-18 23:26:42,203 DEBUG [10] [Spring.Context.Support.AbstractApplicationContext] [Refresh] [ApplicationContext Refresh: Registering well-known processors and objects]
2018-11-18 23:26:42,205 DEBUG [10] [Spring.Context.Support.AbstractApplicationContext] [Refresh] [ApplicationContext Refresh: Custom post processing object factory]
2018-11-18 23:26:42,205 DEBUG [10] [Spring.Context.Support.AbstractApplicationContext] [Refresh] [ApplicationContext Refresh: Post processing object factory using pre-registered processors]
2018-11-18 23:26:42,205 DEBUG [10] [Spring.Context.Support.AbstractApplicationContext] [Refresh] [No objects defined in application context [spring.root].]
2018-11-18 23:26:42,206 DEBUG [10] [Spring.Context.Support.AbstractApplicationContext] [Refresh] [ApplicationContext Refresh: Post processing object factory using defined processors]
2018-11-18 23:26:42,215 DEBUG [10] [Spring.Context.Support.AbstractApplicationContext] [InvokeObjectFactoryPostProcessors] [processed 0 IFactoryObjectPostProcessors defined in application context [spring.root].]
2018-11-18 23:26:42,217 DEBUG [10] [Spring.Context.Support.AbstractApplicationContext] [RegisterObjectPostProcessors] [processed 0 IObjectPostProcessors defined in application context [spring.root].]
2018-11-18 23:26:42,219 DEBUG [10] [Spring.Context.Support.AbstractApplicationContext] [InitEventRegistry] [No IEventRegistry found with name 'eventRegistry' : using default 'Spring.Objects.Events.Support.EventRegistry'.]
2018-11-18 23:26:42,221 DEBUG [10] [Spring.Context.Support.AbstractApplicationContext] [InitMessageSource] [No IMessageSource found with name 'messageSource' : using default 'StaticMessageSource : '.]
2018-11-18 23:26:42,224 DEBUG [10] [Spring.Context.Support.AbstractApplicationContext] [Refresh] [ApplicationContext Refresh: Preinstantiating singletons]
2018-11-18 23:26:42,225 DEBUG [10] [Spring.Objects.Factory.Support.DefaultListableObjectFactory] [PreInstantiateSingletons] [Pre-instantiating singletons in factory [Spring.Objects.Factory.Support.DefaultListableObjectFactory]]
2018-11-18 23:26:42,226 DEBUG [10] [Spring.Context.Support.AbstractApplicationContext] [PublishEvent] [Publishing event in context [spring.root] : ContextRefreshedEventArgs [Refreshed]]
2018-11-18 23:26:42,227 INFO  [10] [Spring.Context.Support.AbstractApplicationContext] [Refresh] [ApplicationContext Refresh: Completed]
2018-11-18 23:26:42,228 DEBUG [10] [Spring.Context.Support.ContextRegistry] [RegisterContext] [Registering context 'Spring.Context.Support.XmlApplicationContext' under name 'spring.root'.]
2018-11-18 23:26:42,229 DEBUG [10] [Spring.Context.Support.ContextHandler] [Create] [context 'Spring.Context.Support.XmlApplicationContext' created for name 'spring.root']
2018-11-18 23:26:42,229 DEBUG [10] [Spring.Context.Support.ContextRegistry] [GetContext] [Returning context 'Spring.Context.Support.XmlApplicationContext' registered under name 'spring.root'.]
2018-11-18 23:26:42,230 DEBUG [10] [DS.AFP.Common.Core.LoggerFacade] [Debug] [Create Spring container end.]
2018-11-18 23:26:42,230 DEBUG [10] [DS.AFP.Common.Core.LoggerFacade] [Debug] [Configure Spring container to start.]
2018-11-18 23:39:10,659 DEBUG [10] [DS.AFP.Common.Core.LoggerFacade] [Debug] [WPF宿主容器开始启动]
2018-11-18 23:39:10,682 INFO  [10] [DS.AFP.Common.Core.LoggerFacade] [Info] [Platform began to load and initialize each plug-in ]
2018-11-18 23:39:10,690 DEBUG [10] [DS.AFP.Common.Core.LoggerFacade] [Debug] [Log creation success.]
2018-11-18 23:39:10,690 DEBUG [10] [DS.AFP.Common.Core.LoggerFacade] [Debug] [Create the module directory to start.]
2018-11-18 23:39:10,692 DEBUG [10] [DS.AFP.Common.Core.LoggerFacade] [Debug] [Create module directory end.]
2018-11-18 23:39:10,692 DEBUG [10] [DS.AFP.Common.Core.LoggerFacade] [Debug] [Configuration module directory.]
2018-11-18 23:39:10,693 DEBUG [10] [DS.AFP.Common.Core.LoggerFacade] [Debug] [Configuration module directory end.]
2018-11-18 23:39:10,693 DEBUG [10] [DS.AFP.Common.Core.LoggerFacade] [Debug] [Pre initialization module.]
2018-11-18 23:39:11,024 ERROR [10] [DS.AFP.Common.Core.LoggerFacade] [Error] [WebBrowser插件，文件不存在。路径：file:///D:/WorkSpace/DotNet/DS.AFP-N-49.0.1/Bin/BizApp/DS_AFP-N/Addin/DS.AFP.WebBrowser/DS.AFP.WebBrowser.dll]
System.IO.FileNotFoundException: WebBrowser插件，文件不存在。路径：file:///D:/WorkSpace/DotNet/DS.AFP-N-49.0.1/Bin/BizApp/DS_AFP-N/Addin/DS.AFP.WebBrowser/DS.AFP.WebBrowser.dll
2018-11-18 23:53:51,468 DEBUG [10] [DS.AFP.Common.Core.LoggerFacade] [Debug] [WPF宿主容器开始启动]
2018-11-18 23:53:51,490 INFO  [10] [DS.AFP.Common.Core.LoggerFacade] [Info] [Platform began to load and initialize each plug-in ]
2018-11-18 23:53:51,498 DEBUG [10] [DS.AFP.Common.Core.LoggerFacade] [Debug] [Log creation success.]
2018-11-18 23:53:51,499 DEBUG [10] [DS.AFP.Common.Core.LoggerFacade] [Debug] [Create the module directory to start.]
2018-11-18 23:53:51,501 DEBUG [10] [DS.AFP.Common.Core.LoggerFacade] [Debug] [Create module directory end.]
2018-11-18 23:53:51,501 DEBUG [10] [DS.AFP.Common.Core.LoggerFacade] [Debug] [Configuration module directory.]
2018-11-18 23:53:51,501 DEBUG [10] [DS.AFP.Common.Core.LoggerFacade] [Debug] [Configuration module directory end.]
2018-11-18 23:53:51,502 DEBUG [10] [DS.AFP.Common.Core.LoggerFacade] [Debug] [Pre initialization module.]
2018-11-18 23:53:51,972 DEBUG [10] [DS.AFP.Common.Core.LoggerFacade] [Debug] [End of pre initialization module.]
2018-11-18 23:53:51,972 DEBUG [10] [DS.AFP.Common.Core.LoggerFacade] [Debug] [Create the Spring container to start.]
2018-11-18 23:53:52,055 DEBUG [10] [Spring.Context.Support.ContextHandler] [Create] [creating context 'spring.root']
2018-11-18 23:53:52,072 DEBUG [10] [Spring.Context.Support.AbstractApplicationContext] [Refresh] [ApplicationContext Refresh: Refreshing object factory ]
2018-11-18 23:53:52,213 DEBUG [10] [Spring.Objects.Factory.Xml.XmlObjectDefinitionReader] [LoadObjectDefinitions] [Loading XML object definitions from config [D:\WorkSpace\DotNet\DS.AFP-N-49.0.1\Bin\BizApp\DS_AFP-N\DS.AFP.WPF.App.vshost.exe.Config#spring/objects]]
2018-11-18 23:53:52,531 TRACE [10] [Spring.Util.ObjectUtils] [InstantiateType] [instantiating type [Spring.Data.Config.DatabaseNamespaceParser] using constructor [Void .ctor()]]
2018-11-18 23:53:52,535 TRACE [10] [Spring.Util.ObjectUtils] [InstantiateType] [instantiating type [Spring.Transaction.Config.TxNamespaceParser] using constructor [Void .ctor()]]
2018-11-18 23:53:52,550 TRACE [10] [Spring.Util.ObjectUtils] [InstantiateType] [instantiating type [Spring.Aop.Config.AopNamespaceParser] using constructor [Void .ctor()]]
2018-11-18 23:53:52,604 TRACE [10] [Spring.Util.ObjectUtils] [InstantiateType] [instantiating type [DS.AFP.Communication.WCF.Config.WcfNamespaceParser] using constructor [Void .ctor()]]
2018-11-18 23:53:52,607 DEBUG [10] [Spring.Objects.Factory.Xml.XmlObjectDefinitionReader] [CreateValidatingReader] [Using the following XmlReader implementation : System.Xml.XsdValidatingReader]
2018-11-18 23:53:52,611 DEBUG [10] [Spring.Objects.Factory.Xml.DefaultObjectDefinitionDocumentReader] [RegisterObjectDefinitions] [Loading object definitions.]
2018-11-18 23:53:52,614 DEBUG [10] [Spring.Objects.Factory.Xml.ObjectDefinitionParserHelper] [InitDefaults] [Loading object definitions...]
2018-11-18 23:53:52,614 DEBUG [10] [Spring.Objects.Factory.Xml.ObjectDefinitionParserHelper] [InitDefaults] [Default lazy init ''.]
2018-11-18 23:53:52,615 DEBUG [10] [Spring.Objects.Factory.Xml.ObjectDefinitionParserHelper] [InitDefaults] [Default dependency check ''.]
2018-11-18 23:53:52,615 DEBUG [10] [Spring.Objects.Factory.Xml.ObjectDefinitionParserHelper] [InitDefaults] [Default autowire ''.]
2018-11-18 23:53:52,616 DEBUG [10] [Spring.Objects.Factory.Xml.ObjectDefinitionParserHelper] [InitDefaults] [Default merge ''.]
2018-11-18 23:53:52,616 DEBUG [10] [Spring.Objects.Factory.Xml.ObjectDefinitionParserHelper] [InitDefaults] [Default init method ''.]
2018-11-18 23:53:52,616 DEBUG [10] [Spring.Objects.Factory.Xml.ObjectDefinitionParserHelper] [InitDefaults] [Default destroy method ''.]
2018-11-18 23:53:52,617 DEBUG [10] [Spring.Objects.Factory.Xml.ObjectDefinitionParserHelper] [InitDefaults] [Default autowire candidates ''.]
2018-11-18 23:53:52,617 DEBUG [10] [Spring.Objects.Factory.Xml.ObjectDefinitionParserHelper] [InitDefaults] [Default init method ''.]
2018-11-18 23:53:52,617 DEBUG [10] [Spring.Objects.Factory.Xml.ObjectDefinitionParserHelper] [InitDefaults] [Default destroy method ''.]
2018-11-18 23:53:52,618 DEBUG [10] [Spring.Objects.Factory.Xml.DefaultObjectDefinitionDocumentReader] [RegisterObjectDefinitions] [Found 0 <object> elements defining objects.]
2018-11-18 23:53:52,618 DEBUG [10] [Spring.Objects.Factory.Support.AbstractObjectDefinitionReader] [LoadObjectDefinitions] [Loaded 0 object definitions from location [config://spring/objects]]
2018-11-18 23:53:52,618 DEBUG [10] [Spring.Context.Support.AbstractXmlApplicationContext] [RefreshObjectFactory] [Refreshed ObjectFactory for application context 'spring.root'.]
2018-11-18 23:53:52,619 DEBUG [10] [Spring.Context.Support.AbstractApplicationContext] [Refresh] [ApplicationContext Refresh: Registering well-known processors and objects]
2018-11-18 23:53:52,620 DEBUG [10] [Spring.Context.Support.AbstractApplicationContext] [Refresh] [ApplicationContext Refresh: Custom post processing object factory]
2018-11-18 23:53:52,621 DEBUG [10] [Spring.Context.Support.AbstractApplicationContext] [Refresh] [ApplicationContext Refresh: Post processing object factory using pre-registered processors]
2018-11-18 23:53:52,621 DEBUG [10] [Spring.Context.Support.AbstractApplicationContext] [Refresh] [No objects defined in application context [spring.root].]
2018-11-18 23:53:52,621 DEBUG [10] [Spring.Context.Support.AbstractApplicationContext] [Refresh] [ApplicationContext Refresh: Post processing object factory using defined processors]
2018-11-18 23:53:52,629 DEBUG [10] [Spring.Context.Support.AbstractApplicationContext] [InvokeObjectFactoryPostProcessors] [processed 0 IFactoryObjectPostProcessors defined in application context [spring.root].]
2018-11-18 23:53:52,631 DEBUG [10] [Spring.Context.Support.AbstractApplicationContext] [RegisterObjectPostProcessors] [processed 0 IObjectPostProcessors defined in application context [spring.root].]
2018-11-18 23:53:52,634 DEBUG [10] [Spring.Context.Support.AbstractApplicationContext] [InitEventRegistry] [No IEventRegistry found with name 'eventRegistry' : using default 'Spring.Objects.Events.Support.EventRegistry'.]
2018-11-18 23:53:52,637 DEBUG [10] [Spring.Context.Support.AbstractApplicationContext] [InitMessageSource] [No IMessageSource found with name 'messageSource' : using default 'StaticMessageSource : '.]
2018-11-18 23:53:52,640 DEBUG [10] [Spring.Context.Support.AbstractApplicationContext] [Refresh] [ApplicationContext Refresh: Preinstantiating singletons]
2018-11-18 23:53:52,642 DEBUG [10] [Spring.Objects.Factory.Support.DefaultListableObjectFactory] [PreInstantiateSingletons] [Pre-instantiating singletons in factory [Spring.Objects.Factory.Support.DefaultListableObjectFactory]]
2018-11-18 23:53:52,644 DEBUG [10] [Spring.Context.Support.AbstractApplicationContext] [PublishEvent] [Publishing event in context [spring.root] : ContextRefreshedEventArgs [Refreshed]]
2018-11-18 23:53:52,645 INFO  [10] [Spring.Context.Support.AbstractApplicationContext] [Refresh] [ApplicationContext Refresh: Completed]
2018-11-18 23:53:52,648 DEBUG [10] [Spring.Context.Support.ContextRegistry] [RegisterContext] [Registering context 'Spring.Context.Support.XmlApplicationContext' under name 'spring.root'.]
2018-11-18 23:53:52,649 DEBUG [10] [Spring.Context.Support.ContextHandler] [Create] [context 'Spring.Context.Support.XmlApplicationContext' created for name 'spring.root']
2018-11-18 23:53:52,650 DEBUG [10] [Spring.Context.Support.ContextRegistry] [GetContext] [Returning context 'Spring.Context.Support.XmlApplicationContext' registered under name 'spring.root'.]
2018-11-18 23:53:52,651 DEBUG [10] [DS.AFP.Common.Core.LoggerFacade] [Debug] [Create Spring container end.]
2018-11-18 23:53:52,651 DEBUG [10] [DS.AFP.Common.Core.LoggerFacade] [Debug] [Configure Spring container to start.]
