2018-04-26 08:30:59,400 DEBUG [17] [Spring.Objects.Factory.Support.AbstractObjectFactory] [GetObjectInternal] [   GetObjectInternal: obtaining instance for name ILoggerFacade => canonical name ILoggerFacade]
2018-04-26 08:30:59,405 DEBUG [17] [Spring.Objects.Factory.Support.AbstractObjectFactory] [GetObjectInternal] [Returning cached instance of singleton object 'ILoggerFacade'.]
2018-04-26 08:30:59,405 DEBUG [17] [Spring.Objects.Factory.Support.AbstractObjectFactory] [GetObjectForInstance] [Calling code asked for normal instance for name 'ILoggerFacade'.]
2018-04-26 08:30:59,406 DEBUG [17] [Spring.Objects.Factory.Support.AbstractObjectFactory] [GetObjectInternal] [GetObjectInternal: returning instance for objectname ILoggerFacade]
2018-04-26 08:30:59,406 INFO  [17] [DS.AFP.Common.Core.LoggerFacade] [Info] [SendMessageToDSCT]
2018-04-26 08:30:59,406 DEBUG [17] [Spring.Objects.Factory.Support.AbstractObjectFactory] [GetObjectInternal] [   GetObjectInternal: obtaining instance for name IEventAggregator => canonical name IEventAggregator]
2018-04-26 08:30:59,406 DEBUG [17] [Spring.Objects.Factory.Support.AbstractObjectFactory] [GetObjectInternal] [Returning cached instance of singleton object 'IEventAggregator'.]
2018-04-26 08:30:59,407 DEBUG [17] [Spring.Objects.Factory.Support.AbstractObjectFactory] [GetObjectForInstance] [Calling code asked for normal instance for name 'IEventAggregator'.]
2018-04-26 08:30:59,407 DEBUG [17] [Spring.Objects.Factory.Support.AbstractObjectFactory] [GetObjectInternal] [GetObjectInternal: returning instance for objectname IEventAggregator]
2018-04-26 08:31:10,844 DEBUG [16] [Spring.Objects.Factory.Support.AbstractObjectFactory] [GetObjectInternal] [   GetObjectInternal: obtaining instance for name ILoggerFacade => canonical name ILoggerFacade]
2018-04-26 08:31:10,844 DEBUG [16] [Spring.Objects.Factory.Support.AbstractObjectFactory] [GetObjectInternal] [Returning cached instance of singleton object 'ILoggerFacade'.]
2018-04-26 08:31:10,844 DEBUG [16] [Spring.Objects.Factory.Support.AbstractObjectFactory] [GetObjectForInstance] [Calling code asked for normal instance for name 'ILoggerFacade'.]
2018-04-26 08:31:10,844 DEBUG [16] [Spring.Objects.Factory.Support.AbstractObjectFactory] [GetObjectInternal] [GetObjectInternal: returning instance for objectname ILoggerFacade]
2018-04-26 08:31:10,844 INFO  [16] [DS.AFP.Common.Core.LoggerFacade] [Info] [SendMessageToDSCT]
2018-04-26 08:31:10,844 DEBUG [16] [Spring.Objects.Factory.Support.AbstractObjectFactory] [GetObjectInternal] [   GetObjectInternal: obtaining instance for name IEventAggregator => canonical name IEventAggregator]
2018-04-26 08:31:10,845 DEBUG [16] [Spring.Objects.Factory.Support.AbstractObjectFactory] [GetObjectInternal] [Returning cached instance of singleton object 'IEventAggregator'.]
2018-04-26 08:31:10,845 DEBUG [16] [Spring.Objects.Factory.Support.AbstractObjectFactory] [GetObjectForInstance] [Calling code asked for normal instance for name 'IEventAggregator'.]
2018-04-26 08:31:10,845 DEBUG [16] [Spring.Objects.Factory.Support.AbstractObjectFactory] [GetObjectInternal] [GetObjectInternal: returning instance for objectname IEventAggregator]
2018-04-26 08:36:28,006 DEBUG [15] [Spring.Objects.Factory.Support.AbstractObjectFactory] [GetObjectInternal] [   GetObjectInternal: obtaining instance for name ILoggerFacade => canonical name ILoggerFacade]
2018-04-26 08:36:28,006 DEBUG [15] [Spring.Objects.Factory.Support.AbstractObjectFactory] [GetObjectInternal] [Returning cached instance of singleton object 'ILoggerFacade'.]
2018-04-26 08:36:28,006 DEBUG [15] [Spring.Objects.Factory.Support.AbstractObjectFactory] [GetObjectForInstance] [Calling code asked for normal instance for name 'ILoggerFacade'.]
2018-04-26 08:36:28,006 DEBUG [15] [Spring.Objects.Factory.Support.AbstractObjectFactory] [GetObjectInternal] [GetObjectInternal: returning instance for objectname ILoggerFacade]
2018-04-26 08:36:28,006 INFO  [15] [DS.AFP.Common.Core.LoggerFacade] [Info] [SendMessageToDSCT]
2018-04-26 08:36:28,007 DEBUG [15] [Spring.Objects.Factory.Support.AbstractObjectFactory] [GetObjectInternal] [   GetObjectInternal: obtaining instance for name IEventAggregator => canonical name IEventAggregator]
2018-04-26 08:36:28,007 DEBUG [15] [Spring.Objects.Factory.Support.AbstractObjectFactory] [GetObjectInternal] [Returning cached instance of singleton object 'IEventAggregator'.]
2018-04-26 08:36:28,007 DEBUG [15] [Spring.Objects.Factory.Support.AbstractObjectFactory] [GetObjectForInstance] [Calling code asked for normal instance for name 'IEventAggregator'.]
2018-04-26 08:36:28,007 DEBUG [15] [Spring.Objects.Factory.Support.AbstractObjectFactory] [GetObjectInternal] [GetObjectInternal: returning instance for objectname IEventAggregator]
2018-04-26 08:36:37,446 DEBUG [8] [Spring.Objects.Factory.Support.AbstractObjectFactory] [GetObjectInternal] [   GetObjectInternal: obtaining instance for name WebBrowserManager => canonical name WebBrowserManager]
2018-04-26 08:36:37,447 DEBUG [8] [Spring.Objects.Factory.Support.AbstractObjectFactory] [GetObjectInternal] [Returning cached instance of singleton object 'WebBrowserManager'.]
2018-04-26 08:36:37,447 DEBUG [8] [Spring.Objects.Factory.Support.AbstractObjectFactory] [GetObjectForInstance] [Calling code asked for normal instance for name 'WebBrowserManager'.]
2018-04-26 08:36:37,447 DEBUG [8] [Spring.Objects.Factory.Support.AbstractObjectFactory] [GetObjectInternal] [GetObjectInternal: returning instance for objectname WebBrowserManager]
2018-04-26 08:38:33,599 DEBUG [26] [Spring.Objects.Factory.Support.AbstractObjectFactory] [GetObjectInternal] [   GetObjectInternal: obtaining instance for name ILoggerFacade => canonical name ILoggerFacade]
2018-04-26 08:38:33,600 DEBUG [26] [Spring.Objects.Factory.Support.AbstractObjectFactory] [GetObjectInternal] [Returning cached instance of singleton object 'ILoggerFacade'.]
2018-04-26 08:38:33,600 DEBUG [26] [Spring.Objects.Factory.Support.AbstractObjectFactory] [GetObjectForInstance] [Calling code asked for normal instance for name 'ILoggerFacade'.]
2018-04-26 08:38:33,600 DEBUG [26] [Spring.Objects.Factory.Support.AbstractObjectFactory] [GetObjectInternal] [GetObjectInternal: returning instance for objectname ILoggerFacade]
2018-04-26 08:38:33,600 INFO  [26] [DS.AFP.Common.Core.LoggerFacade] [Info] [SendMessageToWebSocketClient]
2018-04-26 08:38:33,600 DEBUG [26] [Spring.Objects.Factory.Support.AbstractObjectFactory] [GetObjectInternal] [   GetObjectInternal: obtaining instance for name IEventAggregator => canonical name IEventAggregator]
2018-04-26 08:38:33,600 DEBUG [26] [Spring.Objects.Factory.Support.AbstractObjectFactory] [GetObjectInternal] [Returning cached instance of singleton object 'IEventAggregator'.]
2018-04-26 08:38:33,600 DEBUG [26] [Spring.Objects.Factory.Support.AbstractObjectFactory] [GetObjectForInstance] [Calling code asked for normal instance for name 'IEventAggregator'.]
2018-04-26 08:38:33,600 DEBUG [26] [Spring.Objects.Factory.Support.AbstractObjectFactory] [GetObjectInternal] [GetObjectInternal: returning instance for objectname IEventAggregator]
2018-04-26 08:39:26,732 DEBUG [1] [Spring.Objects.Factory.Support.AbstractObjectFactory] [GetObjectInternal] [   GetObjectInternal: obtaining instance for name ILoggerFacade => canonical name ILoggerFacade]
2018-04-26 08:39:26,752 DEBUG [1] [Spring.Objects.Factory.Support.AbstractObjectFactory] [GetObjectInternal] [Returning cached instance of singleton object 'ILoggerFacade'.]
2018-04-26 08:39:26,752 DEBUG [1] [Spring.Objects.Factory.Support.AbstractObjectFactory] [GetObjectForInstance] [Calling code asked for normal instance for name 'ILoggerFacade'.]
2018-04-26 08:39:26,753 DEBUG [1] [Spring.Objects.Factory.Support.AbstractObjectFactory] [GetObjectInternal] [GetObjectInternal: returning instance for objectname ILoggerFacade]
2018-04-26 08:39:26,754 DEBUG [1] [Spring.Objects.Factory.Support.AbstractObjectFactory] [GetObjectInternal] [   GetObjectInternal: obtaining instance for name IEventAggregator => canonical name IEventAggregator]
2018-04-26 08:39:26,754 DEBUG [1] [Spring.Objects.Factory.Support.AbstractObjectFactory] [GetObjectInternal] [Returning cached instance of singleton object 'IEventAggregator'.]
2018-04-26 08:39:26,754 DEBUG [1] [Spring.Objects.Factory.Support.AbstractObjectFactory] [GetObjectForInstance] [Calling code asked for normal instance for name 'IEventAggregator'.]
2018-04-26 08:39:26,755 DEBUG [1] [Spring.Objects.Factory.Support.AbstractObjectFactory] [GetObjectInternal] [GetObjectInternal: returning instance for objectname IEventAggregator]
2018-04-26 08:39:26,772 DEBUG [8] [Spring.Objects.Factory.Support.AbstractObjectFactory] [GetObjectInternal] [   GetObjectInternal: obtaining instance for name WebBrowserManager => canonical name WebBrowserManager]
2018-04-26 08:39:26,772 DEBUG [8] [Spring.Objects.Factory.Support.AbstractObjectFactory] [GetObjectInternal] [Returning cached instance of singleton object 'WebBrowserManager'.]
2018-04-26 08:39:26,772 DEBUG [8] [Spring.Objects.Factory.Support.AbstractObjectFactory] [GetObjectForInstance] [Calling code asked for normal instance for name 'WebBrowserManager'.]
2018-04-26 08:39:26,773 DEBUG [8] [Spring.Objects.Factory.Support.AbstractObjectFactory] [GetObjectInternal] [GetObjectInternal: returning instance for objectname WebBrowserManager]
2018-04-26 08:39:34,105 DEBUG [1] [Spring.Objects.Factory.Support.AbstractObjectFactory] [GetObjectInternal] [   GetObjectInternal: obtaining instance for name WebBrowserManager => canonical name WebBrowserManager]
2018-04-26 08:39:34,112 DEBUG [1] [Spring.Objects.Factory.Support.AbstractObjectFactory] [GetObjectInternal] [Returning cached instance of singleton object 'WebBrowserManager'.]
2018-04-26 08:39:34,112 DEBUG [1] [Spring.Objects.Factory.Support.AbstractObjectFactory] [GetObjectForInstance] [Calling code asked for normal instance for name 'WebBrowserManager'.]
2018-04-26 08:39:34,112 DEBUG [1] [Spring.Objects.Factory.Support.AbstractObjectFactory] [GetObjectInternal] [GetObjectInternal: returning instance for objectname WebBrowserManager]
2018-04-26 08:39:34,168 DEBUG [1] [Spring.Objects.Factory.Support.AbstractObjectFactory] [GetObjectInternal] [   GetObjectInternal: obtaining instance for name ILoggerFacade => canonical name ILoggerFacade]
2018-04-26 08:39:34,168 DEBUG [1] [Spring.Objects.Factory.Support.AbstractObjectFactory] [GetObjectInternal] [Returning cached instance of singleton object 'ILoggerFacade'.]
2018-04-26 08:39:34,168 DEBUG [1] [Spring.Objects.Factory.Support.AbstractObjectFactory] [GetObjectForInstance] [Calling code asked for normal instance for name 'ILoggerFacade'.]
2018-04-26 08:39:34,168 DEBUG [1] [Spring.Objects.Factory.Support.AbstractObjectFactory] [GetObjectInternal] [GetObjectInternal: returning instance for objectname ILoggerFacade]
2018-04-26 08:39:34,169 ERROR [1] [DS.AFP.Common.Core.LoggerFacade] [Error] [System.NullReferenceException: 未将对象引用设置到对象的实例。
   在 DS.AFP.Framework.WPF.Browser.DownloadHandler.<OnBeforeDownload>b__5_0() 位置 D:\WorkSpace\DS.AFP-N\Trunk\DS.AFP-N\Source\BizApp\DS_AFP-N\DS.AFP.Framework.WPF\Controls\Browser\Download\DownloadHandler.cs:行号 58]
2018-04-26 08:46:25,345 DEBUG [1] [Spring.Objects.Factory.Support.AbstractObjectFactory] [GetObjectInternal] [   GetObjectInternal: obtaining instance for name WebBrowserManager => canonical name WebBrowserManager]
2018-04-26 08:46:25,346 DEBUG [1] [Spring.Objects.Factory.Support.AbstractObjectFactory] [GetObjectInternal] [Returning cached instance of singleton object 'WebBrowserManager'.]
2018-04-26 08:46:25,346 DEBUG [1] [Spring.Objects.Factory.Support.AbstractObjectFactory] [GetObjectForInstance] [Calling code asked for normal instance for name 'WebBrowserManager'.]
2018-04-26 08:46:25,346 DEBUG [1] [Spring.Objects.Factory.Support.AbstractObjectFactory] [GetObjectInternal] [GetObjectInternal: returning instance for objectname WebBrowserManager]
2018-04-26 08:46:25,358 DEBUG [1] [Spring.Objects.Factory.Support.AbstractObjectFactory] [GetObjectInternal] [   GetObjectInternal: obtaining instance for name ILoggerFacade => canonical name ILoggerFacade]
2018-04-26 08:46:25,358 DEBUG [1] [Spring.Objects.Factory.Support.AbstractObjectFactory] [GetObjectInternal] [Returning cached instance of singleton object 'ILoggerFacade'.]
2018-04-26 08:46:25,358 DEBUG [1] [Spring.Objects.Factory.Support.AbstractObjectFactory] [GetObjectForInstance] [Calling code asked for normal instance for name 'ILoggerFacade'.]
2018-04-26 08:46:25,359 DEBUG [1] [Spring.Objects.Factory.Support.AbstractObjectFactory] [GetObjectInternal] [GetObjectInternal: returning instance for objectname ILoggerFacade]
2018-04-26 08:46:25,359 ERROR [1] [DS.AFP.Common.Core.LoggerFacade] [Error] [System.NullReferenceException: 未将对象引用设置到对象的实例。
   在 DS.AFP.Framework.WPF.Browser.DownloadHandler.<OnBeforeDownload>b__5_0() 位置 D:\WorkSpace\DS.AFP-N\Trunk\DS.AFP-N\Source\BizApp\DS_AFP-N\DS.AFP.Framework.WPF\Controls\Browser\Download\DownloadHandler.cs:行号 58]
